<?xml version="1.0" encoding="UTF-8"?>
<!-- Generated by org.testng.reporters.JUnitReportReporter -->
<testsuite hostname="DESKTOP-D3N9BFH" failures="0" tests="1" name="trello.TrelloTask" time="42.918" errors="0" timestamp="2022-09-26T11:30:29 IDT" skipped="0">
  <testcase classname="trello.TrelloTask" name="trelloTest" time="42.918"/>
  <system-out/>
</testsuite> <!-- trello.TrelloTask -->
