<?xml version="1.0" encoding="UTF-8"?>
<!-- Generated by org.testng.reporters.JUnitReportReporter -->
<testsuite hostname="LAPTOP-TPTMM17A" failures="0" tests="1" name="trello.TrelloTask" time="31.792" errors="0" timestamp="2022-09-24T15:41:42 IDT" skipped="0">
  <testcase classname="trello.TrelloTask" name="trelloTest" time="31.792"/>
  <system-out/>
</testsuite> <!-- trello.TrelloTask -->
