<?xml version="1.0" encoding="UTF-8"?>
<!-- Generated by org.testng.reporters.JUnitReportReporter -->
<testsuite hostname="DESKTOP-D3N9BFH" failures="0" tests="1" name="trello.TrelloTask" time="101.321" errors="0" timestamp="2022-09-26T14:29:14 IDT" skipped="0">
  <testcase classname="trello.TrelloTask" name="trelloTest" time="101.321"/>
  <system-out/>
</testsuite> <!-- trello.TrelloTask -->
