<?xml version="1.0" encoding="UTF-8"?>
<!-- Generated by org.testng.reporters.JUnitReportReporter -->
<testsuite hostname="DESKTOP-D3N9BFH" failures="0" tests="1" name="trello.TrelloTask" time="98.689" errors="0" timestamp="2022-09-26T15:20:05 IDT" skipped="0">
  <testcase classname="trello.TrelloTask" name="trelloTest" time="98.689"/>
  <system-out/>
</testsuite> <!-- trello.TrelloTask -->
