<?xml version="1.0" encoding="UTF-8"?>
<!-- Generated by org.testng.reporters.JUnitReportReporter -->
<testsuite hostname="DESKTOP-D3N9BFH" failures="0" tests="3" name="trello.TrelloTask" time="298.486" errors="0" timestamp="2022-09-26T16:33:22 IDT" skipped="0">
  <testcase classname="trello.TrelloTask" name="trelloTest" time="95.080"/>
  <system-out/>
  <testcase classname="trello.TrelloTask" name="trelloTest" time="98.402"/>
  <system-out/>
  <testcase classname="trello.TrelloTask" name="trelloTest" time="105.004"/>
  <system-out/>
</testsuite> <!-- trello.TrelloTask -->
