<?xml version="1.0" encoding="UTF-8"?>
<!-- Generated by org.testng.reporters.JUnitReportReporter -->
<testsuite hostname="LAPTOP-TPTMM17A" failures="0" tests="6" name="ExpediaTask" time="12.630" errors="0" timestamp="2022-09-12T20:12:25 IDT" skipped="0">
  <testcase classname="ExpediaTask" name="testDataCSV" time="1.678"/>
  <system-out/>
  <testcase classname="ExpediaTask" name="testDataCSV" time="1.866"/>
  <system-out/>
  <testcase classname="ExpediaTask" name="testDataCSV" time="2.259"/>
  <system-out/>
  <testcase classname="ExpediaTask" name="testDataCSV" time="2.696"/>
  <system-out/>
  <testcase classname="ExpediaTask" name="testDataCSV" time="2.202"/>
  <system-out/>
  <testcase classname="ExpediaTask" name="testDataCSV" time="1.929"/>
  <system-out/>
</testsuite> <!-- ExpediaTask -->
