<?xml version="1.0" encoding="UTF-8"?>
<!-- Generated by org.testng.reporters.JUnitReportReporter -->
<testsuite hostname="DESKTOP-D3N9BFH" failures="0" tests="3" name="testng.AppTest" time="0.028" errors="0" timestamp="2022-08-27T12:04:50 IDT" skipped="0">
  <testcase classname="testng.AppTest" name="checkCalculateSum" time="0.001"/>
  <system-out/>
  <testcase classname="testng.AppTest" name="checkCalculateSum" time="0.026"/>
  <system-out/>
  <testcase classname="testng.AppTest" name="checkCalculateSum" time="0.001"/>
  <system-out/>
</testsuite> <!-- testng.AppTest -->
