<?xml version="1.0" encoding="UTF-8"?>
<!-- Generated by org.testng.reporters.JUnitReportReporter -->
<testsuite hostname="DESKTOP-D3N9BFH" failures="0" tests="3" name="testng.AppTest" time="0.022" errors="0" timestamp="2022-08-27T13:53:41 IDT" skipped="0">
  <testcase classname="testng.AppTest" name="checkCalculateSum" time="0.002"/>
  <system-out/>
  <testcase classname="testng.AppTest" name="checkCalculateSum" time="0.019"/>
  <system-out/>
  <testcase classname="testng.AppTest" name="checkCalculateSum" time="0.001"/>
  <system-out/>
</testsuite> <!-- testng.AppTest -->
